TN:
SF:scripts/install-hooks.js
FN:8,(anonymous_0)
FN:14,(anonymous_1)
FN:47,(anonymous_2)
FN:56,(anonymous_3)
FN:101,(anonymous_4)
FN:109,(anonymous_5)
FN:131,(anonymous_6)
FN:143,(anonymous_7)
FN:218,(anonymous_8)
FN:312,(anonymous_9)
FN:357,(anonymous_10)
FN:448,(anonymous_11)
FN:456,(anonymous_12)
FN:482,(anonymous_13)
FN:525,(anonymous_14)
FN:526,(anonymous_15)
FNF:16
FNH:0
FNDA:0,(anonymous_0)
FNDA:0,(anonymous_1)
FNDA:0,(anonymous_2)
FNDA:0,(anonymous_3)
FNDA:0,(anonymous_4)
FNDA:0,(anonymous_5)
FNDA:0,(anonymous_6)
FNDA:0,(anonymous_7)
FNDA:0,(anonymous_8)
FNDA:0,(anonymous_9)
FNDA:0,(anonymous_10)
FNDA:0,(anonymous_11)
FNDA:0,(anonymous_12)
FNDA:0,(anonymous_13)
FNDA:0,(anonymous_14)
FNDA:0,(anonymous_15)
DA:3,0
DA:4,0
DA:5,0
DA:9,0
DA:10,0
DA:11,0
DA:15,0
DA:16,0
DA:19,0
DA:22,0
DA:25,0
DA:28,0
DA:31,0
DA:33,0
DA:34,0
DA:35,0
DA:36,0
DA:37,0
DA:38,0
DA:39,0
DA:42,0
DA:43,0
DA:48,0
DA:49,0
DA:50,0
DA:51,0
DA:53,0
DA:57,0
DA:60,0
DA:61,0
DA:62,0
DA:65,0
DA:97,0
DA:98,0
DA:102,0
DA:103,0
DA:105,0
DA:111,0
DA:113,0
DA:114,0
DA:116,0
DA:117,0
DA:125,0
DA:126,0
DA:132,0
DA:138,0
DA:139,0
DA:144,0
DA:146,0
DA:147,0
DA:150,0
DA:152,0
DA:153,0
DA:156,0
DA:158,0
DA:160,0
DA:167,0
DA:170,0
DA:194,0
DA:197,0
DA:209,0
DA:212,0
DA:213,0
DA:214,0
DA:219,0
DA:220,0
DA:223,0
DA:271,0
DA:278,0
DA:303,0
DA:309,0
DA:313,0
DA:348,0
DA:354,0
DA:359,0
DA:440,0
DA:441,0
DA:442,0
DA:443,0
DA:445,0
DA:449,0
DA:450,0
DA:451,0
DA:452,0
DA:457,0
DA:473,0
DA:474,0
DA:475,0
DA:477,0
DA:478,0
DA:479,0
DA:483,0
DA:511,0
DA:512,0
DA:513,0
DA:515,0
DA:516,0
DA:517,0
DA:522,0
DA:523,0
DA:524,0
DA:525,0
DA:527,0
DA:528,0
DA:532,0
LF:105
LH:0
BRDA:60,0,0,0
BRDA:60,0,1,0
BRDA:102,1,0,0
BRDA:102,1,1,0
BRDA:113,2,0,0
BRDA:113,2,1,0
BRDA:116,3,0,0
BRDA:116,3,1,0
BRDA:146,4,0,0
BRDA:146,4,1,0
BRDA:152,5,0,0
BRDA:152,5,1,0
BRDA:158,6,0,0
BRDA:158,6,1,0
BRDA:158,6,2,0
BRDA:212,7,0,0
BRDA:212,7,1,0
BRDA:449,8,0,0
BRDA:449,8,1,0
BRDA:451,9,0,0
BRDA:451,9,1,0
BRDA:522,10,0,0
BRDA:522,10,1,0
BRF:23
BRH:0
end_of_record
TN:
SF:scripts/setup-cron.js
FN:10,(anonymous_0)
FN:17,(anonymous_1)
FN:47,(anonymous_2)
FN:70,(anonymous_3)
FN:93,(anonymous_4)
FN:101,(anonymous_5)
FN:109,(anonymous_6)
FN:130,(anonymous_7)
FN:139,(anonymous_8)
FN:148,(anonymous_9)
FN:180,(anonymous_10)
FN:181,(anonymous_11)
FN:202,(anonymous_12)
FN:214,(anonymous_13)
FN:240,(anonymous_14)
FN:295,(anonymous_15)
FN:312,(anonymous_16)
FN:338,(anonymous_17)
FN:343,(anonymous_18)
FN:348,(anonymous_19)
FN:352,(anonymous_20)
FN:353,(anonymous_21)
FN:362,(anonymous_22)
FN:366,(anonymous_23)
FN:370,(anonymous_24)
FN:378,(anonymous_25)
FN:397,(anonymous_26)
FN:398,(anonymous_27)
FNF:28
FNH:0
FNDA:0,(anonymous_0)
FNDA:0,(anonymous_1)
FNDA:0,(anonymous_2)
FNDA:0,(anonymous_3)
FNDA:0,(anonymous_4)
FNDA:0,(anonymous_5)
FNDA:0,(anonymous_6)
FNDA:0,(anonymous_7)
FNDA:0,(anonymous_8)
FNDA:0,(anonymous_9)
FNDA:0,(anonymous_10)
FNDA:0,(anonymous_11)
FNDA:0,(anonymous_12)
FNDA:0,(anonymous_13)
FNDA:0,(anonymous_14)
FNDA:0,(anonymous_15)
FNDA:0,(anonymous_16)
FNDA:0,(anonymous_17)
FNDA:0,(anonymous_18)
FNDA:0,(anonymous_19)
FNDA:0,(anonymous_20)
FNDA:0,(anonymous_21)
FNDA:0,(anonymous_22)
FNDA:0,(anonymous_23)
FNDA:0,(anonymous_24)
FNDA:0,(anonymous_25)
FNDA:0,(anonymous_26)
FNDA:0,(anonymous_27)
DA:3,0
DA:4,0
DA:5,0
DA:6,0
DA:7,0
DA:11,0
DA:12,0
DA:13,0
DA:14,0
DA:18,0
DA:19,0
DA:21,0
DA:22,0
DA:25,0
DA:27,0
DA:30,0
DA:33,0
DA:34,0
DA:36,0
DA:39,0
DA:42,0
DA:43,0
DA:48,0
DA:49,0
DA:51,0
DA:53,0
DA:54,0
DA:55,0
DA:56,0
DA:57,0
DA:59,0
DA:60,0
DA:61,0
DA:63,0
DA:64,0
DA:67,0
DA:72,0
DA:73,0
DA:75,0
DA:79,0
DA:80,0
DA:81,0
DA:82,0
DA:86,0
DA:87,0
DA:89,0
DA:94,0
DA:95,0
DA:97,0
DA:102,0
DA:103,0
DA:105,0
DA:110,0
DA:119,0
DA:120,0
DA:121,0
DA:125,0
DA:127,0
DA:131,0
DA:133,0
DA:140,0
DA:141,0
DA:143,0
DA:144,0
DA:146,0
DA:150,0
DA:151,0
DA:152,0
DA:153,0
DA:154,0
DA:156,0
DA:180,0
DA:182,0
DA:183,0
DA:184,0
DA:186,0
DA:192,0
DA:194,0
DA:195,0
DA:196,0
DA:199,0
DA:203,0
DA:204,0
DA:206,0
DA:207,0
DA:210,0
DA:215,0
DA:217,0
DA:218,0
DA:221,0
DA:222,0
DA:224,0
DA:226,0
DA:229,0
DA:231,0
DA:232,0
DA:236,0
DA:241,0
DA:242,0
DA:243,0
DA:245,0
DA:296,0
DA:299,0
DA:300,0
DA:301,0
DA:302,0
DA:308,0
DA:309,0
DA:312,0
DA:313,0
DA:317,0
DA:318,0
DA:319,0
DA:320,0
DA:322,0
DA:325,0
DA:326,0
DA:328,0
DA:329,0
DA:330,0
DA:331,0
DA:332,0
DA:334,0
DA:339,0
DA:343,0
DA:345,0
DA:349,0
DA:353,0
DA:354,0
DA:359,0
DA:360,0
DA:362,0
DA:363,0
DA:366,0
DA:367,0
DA:370,0
DA:371,0
DA:372,0
DA:374,0
DA:378,0
DA:379,0
DA:386,0
DA:387,0
DA:389,0
DA:395,0
DA:396,0
DA:397,0
DA:399,0
DA:400,0
DA:404,0
LF:150
LH:0
BRDA:17,0,0,0
BRDA:21,1,0,0
BRDA:21,1,1,0
BRDA:33,2,0,0
BRDA:33,2,1,0
BRDA:59,3,0,0
BRDA:59,3,1,0
BRDA:79,4,0,0
BRDA:79,4,1,0
BRDA:80,5,0,0
BRDA:80,5,1,0
BRDA:86,6,0,0
BRDA:86,6,1,0
BRDA:111,7,0,0
BRDA:111,7,1,0
BRDA:112,8,0,0
BRDA:112,8,1,0
BRDA:119,9,0,0
BRDA:119,9,1,0
BRDA:119,10,0,0
BRDA:119,10,1,0
BRDA:140,11,0,0
BRDA:140,11,1,0
BRDA:143,12,0,0
BRDA:143,12,1,0
BRDA:151,13,0,0
BRDA:151,13,1,0
BRDA:194,14,0,0
BRDA:194,14,1,0
BRDA:206,15,0,0
BRDA:206,15,1,0
BRDA:242,16,0,0
BRDA:242,16,1,0
BRDA:243,17,0,0
BRDA:243,17,1,0
BRDA:313,18,0,0
BRDA:313,18,1,0
BRDA:341,19,0,0
BRDA:341,19,1,0
BRDA:352,20,0,0
BRDA:352,21,0,0
BRDA:371,22,0,0
BRDA:371,22,1,0
BRDA:371,23,0,0
BRDA:371,23,1,0
BRDA:374,24,0,0
BRDA:374,24,1,0
BRDA:386,25,0,0
BRDA:386,25,1,0
BRF:49
BRH:0
end_of_record
TN:
SF:src/git-manager.js
FN:7,(anonymous_0)
FN:22,(anonymous_1)
FN:34,(anonymous_2)
FN:58,(anonymous_3)
FN:78,(anonymous_4)
FN:95,(anonymous_5)
FN:135,(anonymous_6)
FN:146,(anonymous_7)
FN:165,(anonymous_8)
FN:202,(anonymous_9)
FN:220,(anonymous_10)
FN:243,(anonymous_11)
FN:255,(anonymous_12)
FN:259,(anonymous_13)
FN:277,(anonymous_14)
FN:305,(anonymous_15)
FN:348,(anonymous_16)
FN:363,(anonymous_17)
FN:371,(anonymous_18)
FN:395,(anonymous_19)
FN:404,(anonymous_20)
FN:419,(anonymous_21)
FN:436,(anonymous_22)
FN:444,(anonymous_23)
FN:456,(anonymous_24)
FN:466,(anonymous_25)
FN:478,(anonymous_26)
FN:492,(anonymous_27)
FN:529,(anonymous_28)
FN:566,(anonymous_29)
FN:567,(anonymous_30)
FN:576,(anonymous_31)
FN:580,(anonymous_32)
FN:584,(anonymous_33)
FN:588,(anonymous_34)
FN:594,(anonymous_35)
FNF:36
FNH:0
FNDA:0,(anonymous_0)
FNDA:0,(anonymous_1)
FNDA:0,(anonymous_2)
FNDA:0,(anonymous_3)
FNDA:0,(anonymous_4)
FNDA:0,(anonymous_5)
FNDA:0,(anonymous_6)
FNDA:0,(anonymous_7)
FNDA:0,(anonymous_8)
FNDA:0,(anonymous_9)
FNDA:0,(anonymous_10)
FNDA:0,(anonymous_11)
FNDA:0,(anonymous_12)
FNDA:0,(anonymous_13)
FNDA:0,(anonymous_14)
FNDA:0,(anonymous_15)
FNDA:0,(anonymous_16)
FNDA:0,(anonymous_17)
FNDA:0,(anonymous_18)
FNDA:0,(anonymous_19)
FNDA:0,(anonymous_20)
FNDA:0,(anonymous_21)
FNDA:0,(anonymous_22)
FNDA:0,(anonymous_23)
FNDA:0,(anonymous_24)
FNDA:0,(anonymous_25)
FNDA:0,(anonymous_26)
FNDA:0,(anonymous_27)
FNDA:0,(anonymous_28)
FNDA:0,(anonymous_29)
FNDA:0,(anonymous_30)
FNDA:0,(anonymous_31)
FNDA:0,(anonymous_32)
FNDA:0,(anonymous_33)
FNDA:0,(anonymous_34)
FNDA:0,(anonymous_35)
DA:1,0
DA:2,0
DA:3,0
DA:4,0
DA:8,0
DA:17,0
DA:18,0
DA:19,0
DA:23,0
DA:25,0
DA:27,0
DA:29,0
DA:30,0
DA:31,0
DA:34,0
DA:35,0
DA:36,0
DA:41,0
DA:42,0
DA:44,0
DA:50,0
DA:53,0
DA:54,0
DA:59,0
DA:62,0
DA:63,0
DA:64,0
DA:71,0
DA:74,0
DA:75,0
DA:79,0
DA:81,0
DA:82,0
DA:90,0
DA:91,0
DA:96,0
DA:98,0
DA:104,0
DA:106,0
DA:109,0
DA:112,0
DA:114,0
DA:121,0
DA:123,0
DA:126,0
DA:131,0
DA:136,0
DA:137,0
DA:143,0
DA:147,0
DA:149,0
DA:150,0
DA:151,0
DA:152,0
DA:156,0
DA:157,0
DA:161,0
DA:166,0
DA:171,0
DA:173,0
DA:176,0
DA:179,0
DA:182,0
DA:183,0
DA:187,0
DA:188,0
DA:191,0
DA:194,0
DA:198,0
DA:203,0
DA:204,0
DA:205,0
DA:207,0
DA:210,0
DA:212,0
DA:213,0
DA:214,0
DA:215,0
DA:218,0
DA:219,0
DA:220,0
DA:221,0
DA:223,0
DA:226,0
DA:227,0
DA:230,0
DA:231,0
DA:232,0
DA:233,0
DA:234,0
DA:236,0
DA:237,0
DA:240,0
DA:244,0
DA:252,0
DA:257,0
DA:258,0
DA:259,0
DA:260,0
DA:261,0
DA:266,0
DA:267,0
DA:268,0
DA:269,0
DA:270,0
DA:274,0
DA:278,0
DA:279,0
DA:282,0
DA:283,0
DA:284,0
DA:285,0
DA:289,0
DA:291,0
DA:297,0
DA:306,0
DA:308,0
DA:309,0
DA:310,0
DA:311,0
DA:314,0
DA:315,0
DA:316,0
DA:319,0
DA:327,0
DA:328,0
DA:329,0
DA:334,0
DA:336,0
DA:340,0
DA:349,0
DA:351,0
DA:352,0
DA:353,0
DA:355,0
DA:356,0
DA:357,0
DA:358,0
DA:361,0
DA:362,0
DA:363,0
DA:364,0
DA:366,0
DA:369,0
DA:370,0
DA:371,0
DA:372,0
DA:374,0
DA:377,0
DA:378,0
DA:379,0
DA:380,0
DA:381,0
DA:383,0
DA:384,0
DA:386,0
DA:387,0
DA:388,0
DA:389,0
DA:390,0
DA:392,0
DA:396,0
DA:397,0
DA:398,0
DA:400,0
DA:405,0
DA:407,0
DA:409,0
DA:412,0
DA:415,0
DA:418,0
DA:419,0
DA:422,0
DA:428,0
DA:437,0
DA:438,0
DA:440,0
DA:444,0
DA:448,0
DA:451,0
DA:452,0
DA:457,0
DA:458,0
DA:459,0
DA:461,0
DA:462,0
DA:467,0
DA:468,0
DA:472,0
DA:473,0
DA:476,0
DA:478,0
DA:487,0
DA:488,0
DA:493,0
DA:495,0
DA:497,0
DA:500,0
DA:501,0
DA:503,0
DA:504,0
DA:507,0
DA:509,0
DA:518,0
DA:520,0
DA:523,0
DA:530,0
DA:535,0
DA:537,0
DA:538,0
DA:540,0
DA:543,0
DA:544,0
DA:545,0
DA:549,0
DA:550,0
DA:551,0
DA:552,0
DA:556,0
DA:563,0
DA:567,0
DA:568,0
DA:573,0
DA:574,0
DA:576,0
DA:577,0
DA:580,0
DA:581,0
DA:584,0
DA:585,0
DA:588,0
DA:589,0
DA:595,0
DA:596,0
DA:597,0
DA:598,0
DA:600,0
DA:611,0
DA:612,0
DA:617,0
LF:240
LH:0
BRDA:7,0,0,0
BRDA:9,1,0,0
BRDA:9,1,1,0
BRDA:10,2,0,0
BRDA:10,2,1,0
BRDA:13,3,0,0
BRDA:13,3,1,0
BRDA:14,4,0,0
BRDA:14,4,1,0
BRDA:29,5,0,0
BRDA:29,5,1,0
BRDA:35,6,0,0
BRDA:35,6,1,0
BRDA:35,7,0,0
BRDA:35,7,1,0
BRDA:63,8,0,0
BRDA:63,8,1,0
BRDA:81,9,0,0
BRDA:81,9,1,0
BRDA:150,10,0,0
BRDA:150,10,1,0
BRDA:168,11,0,0
BRDA:168,11,1,0
BRDA:182,12,0,0
BRDA:182,12,1,0
BRDA:187,13,0,0
BRDA:187,13,1,0
BRDA:212,14,0,0
BRDA:212,14,1,0
BRDA:214,15,0,0
BRDA:214,15,1,0
BRDA:218,16,0,0
BRDA:218,16,1,0
BRDA:218,17,0,0
BRDA:218,17,1,0
BRDA:226,18,0,0
BRDA:226,18,1,0
BRDA:226,19,0,0
BRDA:226,19,1,0
BRDA:227,20,0,0
BRDA:227,20,1,0
BRDA:233,21,0,0
BRDA:233,21,1,0
BRDA:236,22,0,0
BRDA:236,22,1,0
BRDA:252,23,0,0
BRDA:252,23,1,0
BRDA:257,24,0,0
BRDA:257,24,1,0
BRDA:257,25,0,0
BRDA:257,25,1,0
BRDA:260,26,0,0
BRDA:260,26,1,0
BRDA:266,27,0,0
BRDA:266,27,1,0
BRDA:266,28,0,0
BRDA:266,28,1,0
BRDA:269,29,0,0
BRDA:269,29,1,0
BRDA:269,30,0,0
BRDA:269,30,1,0
BRDA:283,31,0,0
BRDA:283,31,1,0
BRDA:309,32,0,0
BRDA:309,32,1,0
BRDA:327,33,0,0
BRDA:327,33,1,0
BRDA:355,34,0,0
BRDA:355,34,1,0
BRDA:361,35,0,0
BRDA:361,35,1,0
BRDA:361,36,0,0
BRDA:361,36,1,0
BRDA:369,37,0,0
BRDA:369,37,1,0
BRDA:369,38,0,0
BRDA:369,38,1,0
BRDA:379,39,0,0
BRDA:379,39,1,0
BRDA:389,40,0,0
BRDA:389,40,1,0
BRDA:466,41,0,0
BRDA:472,42,0,0
BRDA:472,42,1,0
BRDA:483,43,0,0
BRDA:483,43,1,0
BRDA:529,44,0,0
BRDA:544,45,0,0
BRDA:544,45,1,0
BRDA:549,46,0,0
BRDA:549,46,1,0
BRDA:566,47,0,0
BRDA:566,48,0,0
BRDA:569,49,0,0
BRDA:569,49,1,0
BRDA:603,50,0,0
BRDA:603,50,1,0
BRDA:604,51,0,0
BRDA:604,51,1,0
BRDA:606,52,0,0
BRDA:606,52,1,0
BRDA:607,53,0,0
BRDA:607,53,1,0
BRF:103
BRH:0
end_of_record
TN:
SF:src/index.js
FNF:0
FNH:0
DA:1,0
DA:2,0
DA:3,0
DA:4,0
DA:5,0
DA:8,0
DA:17,0
DA:18,0
DA:20,0
DA:21,0
DA:22,0
DA:23,0
DA:24,0
DA:25,0
DA:26,0
DA:27,0
DA:28,0
DA:29,0
DA:30,0
DA:31,0
DA:32,0
DA:33,0
DA:34,0
DA:35,0
LF:24
LH:0
BRDA:17,0,0,0
BRDA:17,0,1,0
BRF:2
BRH:0
end_of_record
TN:
SF:src/orchestrator.js
FN:14,(anonymous_0)
FN:43,(anonymous_1)
FN:49,(anonymous_2)
FN:74,(anonymous_3)
FN:97,(anonymous_4)
FN:138,(anonymous_5)
FN:152,(anonymous_6)
FN:168,(anonymous_7)
FN:176,(anonymous_8)
FN:182,(anonymous_9)
FN:261,(anonymous_10)
FN:313,(anonymous_11)
FN:314,(anonymous_12)
FN:327,(anonymous_13)
FN:332,(anonymous_14)
FN:338,(anonymous_15)
FN:343,(anonymous_16)
FN:354,(anonymous_17)
FN:366,(anonymous_18)
FN:386,(anonymous_19)
FN:419,(anonymous_20)
FN:434,(anonymous_21)
FN:440,(anonymous_22)
FN:441,(anonymous_23)
FN:445,(anonymous_24)
FN:465,(anonymous_25)
FN:467,(anonymous_26)
FN:468,(anonymous_27)
FN:475,(anonymous_28)
FN:506,(anonymous_29)
FN:524,(anonymous_30)
FN:525,(anonymous_31)
FN:555,(anonymous_32)
FN:556,(anonymous_33)
FN:561,(anonymous_34)
FN:566,(anonymous_35)
FN:567,(anonymous_36)
FN:583,(anonymous_37)
FN:601,(anonymous_38)
FN:602,(anonymous_39)
FN:611,(anonymous_40)
FN:615,(anonymous_41)
FN:619,(anonymous_42)
FN:624,(anonymous_43)
FN:629,(anonymous_44)
FN:636,(anonymous_45)
FN:649,(anonymous_46)
FN:657,(anonymous_47)
FN:660,(anonymous_48)
FN:690,(anonymous_49)
FN:704,(anonymous_50)
FN:713,(anonymous_51)
FNF:52
FNH:0
FNDA:0,(anonymous_0)
FNDA:0,(anonymous_1)
FNDA:0,(anonymous_2)
FNDA:0,(anonymous_3)
FNDA:0,(anonymous_4)
FNDA:0,(anonymous_5)
FNDA:0,(anonymous_6)
FNDA:0,(anonymous_7)
FNDA:0,(anonymous_8)
FNDA:0,(anonymous_9)
FNDA:0,(anonymous_10)
FNDA:0,(anonymous_11)
FNDA:0,(anonymous_12)
FNDA:0,(anonymous_13)
FNDA:0,(anonymous_14)
FNDA:0,(anonymous_15)
FNDA:0,(anonymous_16)
FNDA:0,(anonymous_17)
FNDA:0,(anonymous_18)
FNDA:0,(anonymous_19)
FNDA:0,(anonymous_20)
FNDA:0,(anonymous_21)
FNDA:0,(anonymous_22)
FNDA:0,(anonymous_23)
FNDA:0,(anonymous_24)
FNDA:0,(anonymous_25)
FNDA:0,(anonymous_26)
FNDA:0,(anonymous_27)
FNDA:0,(anonymous_28)
FNDA:0,(anonymous_29)
FNDA:0,(anonymous_30)
FNDA:0,(anonymous_31)
FNDA:0,(anonymous_32)
FNDA:0,(anonymous_33)
FNDA:0,(anonymous_34)
FNDA:0,(anonymous_35)
FNDA:0,(anonymous_36)
FNDA:0,(anonymous_37)
FNDA:0,(anonymous_38)
FNDA:0,(anonymous_39)
FNDA:0,(anonymous_40)
FNDA:0,(anonymous_41)
FNDA:0,(anonymous_42)
FNDA:0,(anonymous_43)
FNDA:0,(anonymous_44)
FNDA:0,(anonymous_45)
FNDA:0,(anonymous_46)
FNDA:0,(anonymous_47)
FNDA:0,(anonymous_48)
FNDA:0,(anonymous_49)
FNDA:0,(anonymous_50)
FNDA:0,(anonymous_51)
DA:1,0
DA:2,0
DA:3,0
DA:4,0
DA:5,0
DA:6,0
DA:8,0
DA:9,0
DA:10,0
DA:11,0
DA:15,0
DA:17,0
DA:27,0
DA:39,0
DA:40,0
DA:44,0
DA:45,0
DA:46,0
DA:50,0
DA:51,0
DA:53,0
DA:75,0
DA:80,0
DA:85,0
DA:91,0
DA:98,0
DA:99,0
DA:104,0
DA:107,0
DA:110,0
DA:113,0
DA:114,0
DA:118,0
DA:121,0
DA:124,0
DA:127,0
DA:129,0
DA:132,0
DA:133,0
DA:134,0
DA:139,0
DA:142,0
DA:143,0
DA:144,0
DA:146,0
DA:150,0
DA:151,0
DA:152,0
DA:156,0
DA:157,0
DA:158,0
DA:159,0
DA:163,0
DA:165,0
DA:169,0
DA:171,0
DA:172,0
DA:174,0
DA:176,0
DA:179,0
DA:183,0
DA:190,0
DA:191,0
DA:193,0
DA:194,0
DA:195,0
DA:196,0
DA:199,0
DA:200,0
DA:203,0
DA:206,0
DA:208,0
DA:210,0
DA:212,0
DA:214,0
DA:216,0
DA:223,0
DA:224,0
DA:226,0
DA:229,0
DA:233,0
DA:235,0
DA:241,0
DA:244,0
DA:247,0
DA:248,0
DA:252,0
DA:255,0
DA:258,0
DA:262,0
DA:263,0
DA:265,0
DA:271,0
DA:272,0
DA:273,0
DA:274,0
DA:282,0
DA:285,0
DA:290,0
DA:293,0
DA:295,0
DA:304,0
DA:314,0
DA:315,0
DA:317,0
DA:322,0
DA:324,0
DA:325,0
DA:327,0
DA:328,0
DA:329,0
DA:332,0
DA:333,0
DA:334,0
DA:338,0
DA:339,0
DA:340,0
DA:343,0
DA:344,0
DA:345,0
DA:347,0
DA:348,0
DA:350,0
DA:354,0
DA:355,0
DA:356,0
DA:357,0
DA:361,0
DA:362,0
DA:368,0
DA:369,0
DA:371,0
DA:386,0
DA:416,0
DA:420,0
DA:421,0
DA:423,0
DA:424,0
DA:425,0
DA:426,0
DA:427,0
DA:431,0
DA:435,0
DA:438,0
DA:439,0
DA:440,0
DA:441,0
DA:443,0
DA:444,0
DA:445,0
DA:446,0
DA:448,0
DA:453,0
DA:454,0
DA:455,0
DA:456,0
DA:457,0
DA:459,0
DA:462,0
DA:466,0
DA:467,0
DA:468,0
DA:469,0
DA:470,0
DA:476,0
DA:478,0
DA:484,0
DA:486,0
DA:487,0
DA:491,0
DA:492,0
DA:493,0
DA:498,0
DA:499,0
DA:503,0
DA:504,0
DA:505,0
DA:506,0
DA:510,0
DA:511,0
DA:514,0
DA:521,0
DA:525,0
DA:526,0
DA:527,0
DA:528,0
DA:536,0
DA:537,0
DA:541,0
DA:542,0
DA:545,0
DA:546,0
DA:550,0
DA:556,0
DA:557,0
DA:562,0
DA:566,0
DA:567,0
DA:572,0
DA:573,0
DA:575,0
DA:576,0
DA:578,0
DA:580,0
DA:584,0
DA:586,0
DA:589,0
DA:590,0
DA:593,0
DA:595,0
DA:598,0
DA:602,0
DA:603,0
DA:608,0
DA:609,0
DA:611,0
DA:612,0
DA:615,0
DA:616,0
DA:619,0
DA:620,0
DA:621,0
DA:624,0
DA:625,0
DA:626,0
DA:629,0
DA:630,0
DA:631,0
DA:637,0
DA:638,0
DA:639,0
DA:640,0
DA:641,0
DA:642,0
DA:644,0
DA:645,0
DA:650,0
DA:657,0
DA:661,0
DA:664,0
DA:665,0
DA:668,0
DA:669,0
DA:673,0
DA:674,0
DA:678,0
DA:681,0
DA:683,0
DA:691,0
DA:694,0
DA:695,0
DA:697,0
DA:701,0
DA:705,0
DA:707,0
DA:713,0
DA:720,0
LF:257
LH:0
BRDA:14,0,0,0
BRDA:18,1,0,0
BRDA:18,1,1,0
BRDA:19,2,0,0
BRDA:19,2,1,0
BRDA:20,3,0,0
BRDA:20,3,1,0
BRDA:21,4,0,0
BRDA:21,4,1,0
BRDA:22,5,0,0
BRDA:22,5,1,0
BRDA:23,6,0,0
BRDA:23,6,1,0
BRDA:24,7,0,0
BRDA:24,7,1,0
BRDA:113,8,0,0
BRDA:113,8,1,0
BRDA:151,9,0,0
BRDA:151,9,1,0
BRDA:158,10,0,0
BRDA:158,10,1,0
BRDA:176,11,0,0
BRDA:176,11,1,0
BRDA:194,12,0,0
BRDA:194,12,1,0
BRDA:208,13,0,0
BRDA:208,13,1,0
BRDA:212,14,0,0
BRDA:212,14,1,0
BRDA:247,15,0,0
BRDA:247,15,1,0
BRDA:262,16,0,0
BRDA:262,16,1,0
BRDA:272,17,0,0
BRDA:272,17,1,0
BRDA:313,18,0,0
BRDA:318,19,0,0
BRDA:318,19,1,0
BRDA:341,20,0,0
BRDA:341,20,1,0
BRDA:347,21,0,0
BRDA:347,21,1,0
BRDA:386,22,0,0
BRDA:386,22,1,0
BRDA:388,23,0,0
BRDA:388,23,1,0
BRDA:389,24,0,0
BRDA:389,24,1,0
BRDA:403,25,0,0
BRDA:403,25,1,0
BRDA:425,26,0,0
BRDA:425,26,1,0
BRDA:431,27,0,0
BRDA:431,27,1,0
BRDA:438,28,0,0
BRDA:438,28,1,0
BRDA:443,29,0,0
BRDA:443,29,1,0
BRDA:453,30,0,0
BRDA:453,30,1,0
BRDA:469,31,0,0
BRDA:469,31,1,0
BRDA:486,32,0,0
BRDA:486,32,1,0
BRDA:488,33,0,0
BRDA:488,33,1,0
BRDA:491,34,0,0
BRDA:491,34,1,0
BRDA:498,35,0,0
BRDA:498,35,1,0
BRDA:498,36,0,0
BRDA:498,36,1,0
BRDA:504,37,0,0
BRDA:504,37,1,0
BRDA:536,38,0,0
BRDA:536,38,1,0
BRDA:541,39,0,0
BRDA:541,39,1,0
BRDA:545,40,0,0
BRDA:545,40,1,0
BRDA:565,41,0,0
BRDA:565,41,1,0
BRDA:569,42,0,0
BRDA:569,42,1,0
BRDA:601,43,0,0
BRDA:601,44,0,0
BRDA:604,45,0,0
BRDA:604,45,1,0
BRDA:622,46,0,0
BRDA:622,46,1,0
BRDA:640,47,0,0
BRDA:640,47,1,0
BRDA:641,48,0,0
BRDA:641,48,1,0
BRDA:664,49,0,0
BRDA:664,49,1,0
BRDA:668,50,0,0
BRDA:668,50,1,0
BRDA:673,51,0,0
BRDA:673,51,1,0
BRF:100
BRH:0
end_of_record
TN:
SF:src/reporter.js
FN:9,(anonymous_0)
FN:25,(anonymous_1)
FN:29,(anonymous_2)
FN:51,(anonymous_3)
FN:61,(anonymous_4)
FN:111,(anonymous_5)
FN:113,(anonymous_6)
FN:116,(anonymous_7)
FN:118,(anonymous_8)
FN:122,(anonymous_9)
FN:131,(anonymous_10)
FN:137,(anonymous_11)
FN:146,(anonymous_12)
FN:151,(anonymous_13)
FN:162,(anonymous_14)
FN:194,(anonymous_15)
FN:205,(anonymous_16)
FN:212,(anonymous_17)
FN:230,(anonymous_18)
FN:242,(anonymous_19)
FN:253,(anonymous_20)
FN:340,(anonymous_21)
FN:358,(anonymous_22)
FN:379,(anonymous_23)
FN:413,(anonymous_24)
FN:447,(anonymous_25)
FN:471,(anonymous_26)
FN:482,(anonymous_27)
FN:507,(anonymous_28)
FN:563,(anonymous_29)
FN:573,(anonymous_30)
FN:590,(anonymous_31)
FN:595,(anonymous_32)
FN:619,(anonymous_33)
FN:622,(anonymous_34)
FN:639,(anonymous_35)
FN:648,(anonymous_36)
FN:678,(anonymous_37)
FN:695,(anonymous_38)
FN:703,(anonymous_39)
FN:706,(anonymous_40)
FN:724,(anonymous_41)
FN:770,(anonymous_42)
FN:778,(anonymous_43)
FN:798,(anonymous_44)
FN:839,(anonymous_45)
FN:881,(anonymous_46)
FNF:47
FNH:0
FNDA:0,(anonymous_0)
FNDA:0,(anonymous_1)
FNDA:0,(anonymous_2)
FNDA:0,(anonymous_3)
FNDA:0,(anonymous_4)
FNDA:0,(anonymous_5)
FNDA:0,(anonymous_6)
FNDA:0,(anonymous_7)
FNDA:0,(anonymous_8)
FNDA:0,(anonymous_9)
FNDA:0,(anonymous_10)
FNDA:0,(anonymous_11)
FNDA:0,(anonymous_12)
FNDA:0,(anonymous_13)
FNDA:0,(anonymous_14)
FNDA:0,(anonymous_15)
FNDA:0,(anonymous_16)
FNDA:0,(anonymous_17)
FNDA:0,(anonymous_18)
FNDA:0,(anonymous_19)
FNDA:0,(anonymous_20)
FNDA:0,(anonymous_21)
FNDA:0,(anonymous_22)
FNDA:0,(anonymous_23)
FNDA:0,(anonymous_24)
FNDA:0,(anonymous_25)
FNDA:0,(anonymous_26)
FNDA:0,(anonymous_27)
FNDA:0,(anonymous_28)
FNDA:0,(anonymous_29)
FNDA:0,(anonymous_30)
FNDA:0,(anonymous_31)
FNDA:0,(anonymous_32)
FNDA:0,(anonymous_33)
FNDA:0,(anonymous_34)
FNDA:0,(anonymous_35)
FNDA:0,(anonymous_36)
FNDA:0,(anonymous_37)
FNDA:0,(anonymous_38)
FNDA:0,(anonymous_39)
FNDA:0,(anonymous_40)
FNDA:0,(anonymous_41)
FNDA:0,(anonymous_42)
FNDA:0,(anonymous_43)
FNDA:0,(anonymous_44)
FNDA:0,(anonymous_45)
FNDA:0,(anonymous_46)
DA:1,0
DA:2,0
DA:3,0
DA:4,0
DA:5,0
DA:6,0
DA:10,0
DA:16,0
DA:22,0
DA:26,0
DA:30,0
DA:36,0
DA:51,0
DA:61,0
DA:91,0
DA:96,0
DA:99,0
DA:100,0
DA:102,0
DA:108,0
DA:112,0
DA:113,0
DA:117,0
DA:118,0
DA:119,0
DA:123,0
DA:124,0
DA:126,0
DA:131,0
DA:137,0
DA:147,0
DA:152,0
DA:153,0
DA:158,0
DA:159,0
DA:163,0
DA:164,0
DA:166,0
DA:194,0
DA:205,0
DA:212,0
DA:230,0
DA:243,0
DA:244,0
DA:249,0
DA:250,0
DA:254,0
DA:255,0
DA:257,0
DA:340,0
DA:358,0
DA:380,0
DA:381,0
DA:382,0
DA:385,0
DA:391,0
DA:392,0
DA:393,0
DA:394,0
DA:395,0
DA:396,0
DA:399,0
DA:400,0
DA:402,0
DA:409,0
DA:410,0
DA:414,0
DA:416,0
DA:426,0
DA:427,0
DA:429,0
DA:443,0
DA:444,0
DA:448,0
DA:449,0
DA:451,0
DA:471,0
DA:482,0
DA:508,0
DA:510,0
DA:511,0
DA:512,0
DA:514,0
DA:559,0
DA:560,0
DA:564,0
DA:569,0
DA:570,0
DA:574,0
DA:576,0
DA:590,0
DA:595,0
DA:603,0
DA:615,0
DA:616,0
DA:620,0
DA:621,0
DA:622,0
DA:624,0
DA:625,0
DA:628,0
DA:629,0
DA:631,0
DA:639,0
DA:643,0
DA:644,0
DA:649,0
DA:651,0
DA:653,0
DA:655,0
DA:658,0
DA:661,0
DA:662,0
DA:665,0
DA:667,0
DA:670,0
DA:674,0
DA:679,0
DA:680,0
DA:681,0
DA:683,0
DA:684,0
DA:686,0
DA:687,0
DA:689,0
DA:690,0
DA:691,0
DA:695,0
DA:698,0
DA:699,0
DA:704,0
DA:705,0
DA:706,0
DA:708,0
DA:710,0
DA:711,0
DA:712,0
DA:713,0
DA:716,0
DA:719,0
DA:720,0
DA:725,0
DA:726,0
DA:729,0
DA:733,0
DA:734,0
DA:735,0
DA:736,0
DA:737,0
DA:739,0
DA:749,0
DA:771,0
DA:772,0
DA:775,0
DA:776,0
DA:778,0
DA:779,0
DA:781,0
DA:783,0
DA:784,0
DA:786,0
DA:787,0
DA:788,0
DA:789,0
DA:790,0
DA:792,0
DA:795,0
DA:799,0
DA:801,0
DA:802,0
DA:805,0
DA:806,0
DA:807,0
DA:811,0
DA:813,0
DA:814,0
DA:817,0
DA:818,0
DA:821,0
DA:822,0
DA:825,0
DA:828,0
DA:830,0
DA:836,0
DA:840,0
DA:856,0
DA:858,0
DA:859,0
DA:875,0
DA:878,0
DA:882,0
DA:883,0
DA:884,0
DA:885,0
DA:887,0
DA:889,0
DA:890,0
DA:891,0
DA:893,0
DA:894,0
DA:895,0
DA:899,0
DA:904,0
DA:907,0
DA:908,0
DA:913,0
LF:206
LH:0
BRDA:9,0,0,0
BRDA:11,1,0,0
BRDA:11,1,1,0
BRDA:12,2,0,0
BRDA:12,2,1,0
BRDA:13,3,0,0
BRDA:13,3,1,0
BRDA:56,4,0,0
BRDA:56,4,1,0
BRDA:79,5,0,0
BRDA:79,5,1,0
BRDA:86,6,0,0
BRDA:86,6,1,0
BRDA:112,7,0,0
BRDA:112,7,1,0
BRDA:112,8,0,0
BRDA:112,8,1,0
BRDA:117,9,0,0
BRDA:117,9,1,0
BRDA:117,10,0,0
BRDA:117,10,1,0
BRDA:124,11,0,0
BRDA:124,11,1,0
BRDA:127,12,0,0
BRDA:127,12,1,0
BRDA:130,13,0,0
BRDA:130,13,1,0
BRDA:131,14,0,0
BRDA:131,14,1,0
BRDA:133,15,0,0
BRDA:133,15,1,0
BRDA:136,16,0,0
BRDA:136,16,1,0
BRDA:137,17,0,0
BRDA:137,17,1,0
BRDA:139,18,0,0
BRDA:139,18,1,0
BRDA:142,19,0,0
BRDA:142,19,1,0
BRDA:144,20,0,0
BRDA:144,20,1,0
BRDA:147,21,0,0
BRDA:147,21,1,0
BRDA:164,22,0,0
BRDA:164,22,1,0
BRDA:202,23,0,0
BRDA:202,23,1,0
BRDA:203,24,0,0
BRDA:203,24,1,0
BRDA:209,25,0,0
BRDA:209,25,1,0
BRDA:255,26,0,0
BRDA:255,26,1,0
BRDA:293,27,0,0
BRDA:293,27,1,0
BRDA:302,28,0,0
BRDA:302,28,1,0
BRDA:337,29,0,0
BRDA:337,29,1,0
BRDA:348,30,0,0
BRDA:348,30,1,0
BRDA:355,31,0,0
BRDA:355,31,1,0
BRDA:380,32,0,0
BRDA:380,32,1,0
BRDA:380,33,0,0
BRDA:380,33,1,0
BRDA:392,34,0,0
BRDA:392,34,1,0
BRDA:392,35,0,0
BRDA:392,35,1,0
BRDA:426,36,0,0
BRDA:426,36,1,0
BRDA:449,37,0,0
BRDA:449,37,1,0
BRDA:453,38,0,0
BRDA:453,38,1,0
BRDA:467,39,0,0
BRDA:467,39,1,0
BRDA:478,40,0,0
BRDA:478,40,1,0
BRDA:511,41,0,0
BRDA:511,41,1,0
BRDA:512,42,0,0
BRDA:512,42,1,0
BRDA:521,43,0,0
BRDA:521,43,1,0
BRDA:559,44,0,0
BRDA:559,44,1,0
BRDA:589,45,0,0
BRDA:589,45,1,0
BRDA:604,46,0,0
BRDA:604,46,1,0
BRDA:624,47,0,0
BRDA:624,47,1,0
BRDA:648,48,0,0
BRDA:649,49,0,0
BRDA:649,50,0,0
BRDA:653,51,0,0
BRDA:653,51,1,0
BRDA:661,52,0,0
BRDA:661,52,1,0
BRDA:665,53,0,0
BRDA:665,53,1,0
BRDA:665,53,2,0
BRDA:665,53,3,0
BRDA:684,54,0,0
BRDA:684,54,1,0
BRDA:690,55,0,0
BRDA:690,55,1,0
BRDA:725,56,0,0
BRDA:725,56,1,0
BRDA:737,57,0,0
BRDA:737,57,1,0
BRDA:771,58,0,0
BRDA:771,58,1,0
BRDA:790,59,0,0
BRDA:790,59,1,0
BRDA:798,60,0,0
BRDA:798,61,0,0
BRDA:801,62,0,0
BRDA:801,62,1,0
BRDA:807,63,0,0
BRDA:807,63,1,0
BRDA:811,64,0,0
BRDA:811,64,1,0
BRDA:811,64,2,0
BRDA:811,64,3,0
BRDA:881,65,0,0
BRDA:893,66,0,0
BRDA:893,66,1,0
BRF:131
BRH:0
end_of_record
TN:
SF:src/task-manager.js
FN:7,(anonymous_0)
FN:18,(anonymous_1)
FN:35,(anonymous_2)
FN:36,(anonymous_3)
FN:40,(anonymous_4)
FN:93,(anonymous_5)
FN:104,(anonymous_6)
FN:111,(anonymous_7)
FN:120,(anonymous_8)
FN:122,(anonymous_9)
FN:153,(anonymous_10)
FN:167,(anonymous_11)
FN:170,(anonymous_12)
FN:212,(anonymous_13)
FN:213,(anonymous_14)
FN:219,(anonymous_15)
FN:223,(anonymous_16)
FN:256,(anonymous_17)
FN:261,(anonymous_18)
FN:289,(anonymous_19)
FN:301,(anonymous_20)
FN:316,(anonymous_21)
FN:349,(anonymous_22)
FN:392,(anonymous_23)
FN:398,(anonymous_24)
FN:403,(anonymous_25)
FN:407,(anonymous_26)
FN:413,(anonymous_27)
FN:414,(anonymous_28)
FN:420,(anonymous_29)
FN:427,(anonymous_30)
FN:428,(anonymous_31)
FN:443,(anonymous_32)
FN:574,(anonymous_33)
FN:604,(anonymous_34)
FN:605,(anonymous_35)
FN:608,(anonymous_36)
FN:609,(anonymous_37)
FN:612,(anonymous_38)
FN:613,(anonymous_39)
FN:616,(anonymous_40)
FN:617,(anonymous_41)
FN:620,(anonymous_42)
FN:623,(anonymous_43)
FNF:44
FNH:0
FNDA:0,(anonymous_0)
FNDA:0,(anonymous_1)
FNDA:0,(anonymous_2)
FNDA:0,(anonymous_3)
FNDA:0,(anonymous_4)
FNDA:0,(anonymous_5)
FNDA:0,(anonymous_6)
FNDA:0,(anonymous_7)
FNDA:0,(anonymous_8)
FNDA:0,(anonymous_9)
FNDA:0,(anonymous_10)
FNDA:0,(anonymous_11)
FNDA:0,(anonymous_12)
FNDA:0,(anonymous_13)
FNDA:0,(anonymous_14)
FNDA:0,(anonymous_15)
FNDA:0,(anonymous_16)
FNDA:0,(anonymous_17)
FNDA:0,(anonymous_18)
FNDA:0,(anonymous_19)
FNDA:0,(anonymous_20)
FNDA:0,(anonymous_21)
FNDA:0,(anonymous_22)
FNDA:0,(anonymous_23)
FNDA:0,(anonymous_24)
FNDA:0,(anonymous_25)
FNDA:0,(anonymous_26)
FNDA:0,(anonymous_27)
FNDA:0,(anonymous_28)
FNDA:0,(anonymous_29)
FNDA:0,(anonymous_30)
FNDA:0,(anonymous_31)
FNDA:0,(anonymous_32)
FNDA:0,(anonymous_33)
FNDA:0,(anonymous_34)
FNDA:0,(anonymous_35)
FNDA:0,(anonymous_36)
FNDA:0,(anonymous_37)
FNDA:0,(anonymous_38)
FNDA:0,(anonymous_39)
FNDA:0,(anonymous_40)
FNDA:0,(anonymous_41)
FNDA:0,(anonymous_42)
FNDA:0,(anonymous_43)
DA:1,0
DA:2,0
DA:3,0
DA:4,0
DA:8,0
DA:14,0
DA:15,0
DA:19,0
DA:35,0
DA:36,0
DA:41,0
DA:43,0
DA:45,0
DA:46,0
DA:49,0
DA:50,0
DA:54,0
DA:55,0
DA:56,0
DA:57,0
DA:60,0
DA:61,0
DA:63,0
DA:68,0
DA:69,0
DA:73,0
DA:74,0
DA:75,0
DA:76,0
DA:77,0
DA:78,0
DA:81,0
DA:85,0
DA:89,0
DA:91,0
DA:93,0
DA:96,0
DA:99,0
DA:100,0
DA:105,0
DA:110,0
DA:111,0
DA:115,0
DA:117,0
DA:122,0
DA:123,0
DA:124,0
DA:128,0
DA:129,0
DA:130,0
DA:131,0
DA:137,0
DA:138,0
DA:139,0
DA:140,0
DA:145,0
DA:146,0
DA:155,0
DA:156,0
DA:157,0
DA:161,0
DA:167,0
DA:171,0
DA:173,0
DA:176,0
DA:177,0
DA:180,0
DA:181,0
DA:182,0
DA:190,0
DA:191,0
DA:192,0
DA:193,0
DA:197,0
DA:198,0
DA:203,0
DA:206,0
DA:209,0
DA:211,0
DA:212,0
DA:213,0
DA:216,0
DA:220,0
DA:221,0
DA:223,0
DA:224,0
DA:225,0
DA:226,0
DA:227,0
DA:230,0
DA:231,0
DA:234,0
DA:235,0
DA:236,0
DA:238,0
DA:239,0
DA:240,0
DA:241,0
DA:245,0
DA:246,0
DA:249,0
DA:250,0
DA:251,0
DA:257,0
DA:258,0
DA:259,0
DA:261,0
DA:262,0
DA:263,0
DA:266,0
DA:267,0
DA:269,0
DA:270,0
DA:271,0
DA:274,0
DA:275,0
DA:276,0
DA:280,0
DA:281,0
DA:282,0
DA:286,0
DA:291,0
DA:292,0
DA:294,0
DA:295,0
DA:297,0
DA:298,0
DA:301,0
DA:302,0
DA:305,0
DA:306,0
DA:307,0
DA:311,0
DA:312,0
DA:316,0
DA:318,0
DA:319,0
DA:323,0
DA:331,0
DA:332,0
DA:334,0
DA:335,0
DA:339,0
DA:342,0
DA:346,0
DA:350,0
DA:352,0
DA:353,0
DA:361,0
DA:362,0
DA:363,0
DA:365,0
DA:366,0
DA:371,0
DA:372,0
DA:374,0
DA:382,0
DA:393,0
DA:396,0
DA:397,0
DA:398,0
DA:402,0
DA:403,0
DA:406,0
DA:407,0
DA:411,0
DA:412,0
DA:413,0
DA:414,0
DA:419,0
DA:420,0
DA:421,0
DA:426,0
DA:427,0
DA:428,0
DA:429,0
DA:434,0
DA:440,0
DA:444,0
DA:571,0
DA:575,0
DA:576,0
DA:578,0
DA:584,0
DA:585,0
DA:586,0
DA:589,0
DA:590,0
DA:593,0
DA:599,0
DA:600,0
DA:605,0
DA:609,0
DA:613,0
DA:617,0
DA:621,0
DA:623,0
DA:631,0
DA:633,0
DA:636,0
DA:639,0
DA:642,0
DA:645,0
DA:649,0
LF:204
LH:0
BRDA:7,0,0,0
BRDA:9,1,0,0
BRDA:9,1,1,0
BRDA:10,2,0,0
BRDA:10,2,1,0
BRDA:11,3,0,0
BRDA:11,3,1,0
BRDA:45,4,0,0
BRDA:45,4,1,0
BRDA:54,5,0,0
BRDA:54,5,1,0
BRDA:54,6,0,0
BRDA:54,6,1,0
BRDA:56,7,0,0
BRDA:56,7,1,0
BRDA:68,8,0,0
BRDA:68,8,1,0
BRDA:68,9,0,0
BRDA:68,9,1,0
BRDA:68,9,2,0
BRDA:77,10,0,0
BRDA:77,10,1,0
BRDA:82,11,0,0
BRDA:82,11,1,0
BRDA:85,12,0,0
BRDA:85,12,1,0
BRDA:110,13,0,0
BRDA:110,13,1,0
BRDA:123,14,0,0
BRDA:123,14,1,0
BRDA:128,15,0,0
BRDA:128,15,1,0
BRDA:128,16,0,0
BRDA:128,16,1,0
BRDA:130,17,0,0
BRDA:130,17,1,0
BRDA:137,18,0,0
BRDA:137,18,1,0
BRDA:139,19,0,0
BRDA:139,19,1,0
BRDA:145,20,0,0
BRDA:145,20,1,0
BRDA:156,21,0,0
BRDA:156,21,1,0
BRDA:170,22,0,0
BRDA:171,23,0,0
BRDA:171,23,1,0
BRDA:184,24,0,0
BRDA:184,24,1,0
BRDA:191,25,0,0
BRDA:191,25,1,0
BRDA:192,26,0,0
BRDA:192,26,1,0
BRDA:223,27,0,0
BRDA:224,28,0,0
BRDA:224,28,1,0
BRDA:230,29,0,0
BRDA:230,29,1,0
BRDA:240,30,0,0
BRDA:240,30,1,0
BRDA:250,31,0,0
BRDA:250,31,1,0
BRDA:262,32,0,0
BRDA:262,32,1,0
BRDA:266,33,0,0
BRDA:266,33,1,0
BRDA:281,34,0,0
BRDA:281,34,1,0
BRDA:298,35,0,0
BRDA:298,35,1,0
BRDA:301,36,0,0
BRDA:301,36,1,0
BRDA:305,37,0,0
BRDA:305,37,1,0
BRDA:311,38,0,0
BRDA:311,38,1,0
BRDA:318,39,0,0
BRDA:318,39,1,0
BRDA:331,40,0,0
BRDA:331,40,1,0
BRDA:332,41,0,0
BRDA:332,41,1,0
BRDA:334,42,0,0
BRDA:334,42,1,0
BRDA:339,43,0,0
BRDA:339,43,1,0
BRDA:339,44,0,0
BRDA:339,44,1,0
BRDA:349,45,0,0
BRDA:350,46,0,0
BRDA:350,46,1,0
BRDA:362,47,0,0
BRDA:362,47,1,0
BRDA:365,48,0,0
BRDA:365,48,1,0
BRDA:392,49,0,0
BRDA:396,50,0,0
BRDA:396,50,1,0
BRDA:397,51,0,0
BRDA:397,51,1,0
BRDA:402,52,0,0
BRDA:402,52,1,0
BRDA:406,53,0,0
BRDA:406,53,1,0
BRDA:411,54,0,0
BRDA:411,54,1,0
BRDA:412,55,0,0
BRDA:412,55,1,0
BRDA:414,56,0,0
BRDA:414,56,1,0
BRDA:419,57,0,0
BRDA:419,57,1,0
BRDA:421,58,0,0
BRDA:421,58,1,0
BRDA:426,59,0,0
BRDA:426,59,1,0
BRDA:428,60,0,0
BRDA:428,60,1,0
BRDA:443,61,0,0
BRDA:571,62,0,0
BRDA:571,62,1,0
BRDA:574,63,0,0
BRDA:574,64,0,0
BRDA:575,65,0,0
BRDA:575,65,1,0
BRDA:576,66,0,0
BRDA:576,66,1,0
BRDA:585,67,0,0
BRDA:585,67,1,0
BRDA:617,68,0,0
BRDA:617,68,1,0
BRDA:633,69,0,0
BRDA:633,69,1,0
BRDA:636,70,0,0
BRDA:636,70,1,0
BRDA:639,71,0,0
BRDA:639,71,1,0
BRDA:642,72,0,0
BRDA:642,72,1,0
BRF:139
BRH:0
end_of_record
