{"total": {"lines":{"total":1186,"covered":0,"skipped":0,"pct":0},"statements":{"total":1214,"covered":0,"skipped":0,"pct":0},"functions":{"total":223,"covered":0,"skipped":0,"pct":0},"branches":{"total":547,"covered":0,"skipped":0,"pct":0},"branchesTrue":{"total":0,"covered":0,"skipped":0,"pct":100}}
,"/Users/paolobarbato/Documents/Development/nightly-claude-code/@nightly-code/orchestrator/scripts/install-hooks.js": {"lines":{"total":105,"covered":0,"skipped":0,"pct":0},"functions":{"total":16,"covered":0,"skipped":0,"pct":0},"statements":{"total":105,"covered":0,"skipped":0,"pct":0},"branches":{"total":23,"covered":0,"skipped":0,"pct":0}}
,"/Users/paolobarbato/Documents/Development/nightly-claude-code/@nightly-code/orchestrator/scripts/setup-cron.js": {"lines":{"total":150,"covered":0,"skipped":0,"pct":0},"functions":{"total":28,"covered":0,"skipped":0,"pct":0},"statements":{"total":150,"covered":0,"skipped":0,"pct":0},"branches":{"total":49,"covered":0,"skipped":0,"pct":0}}
,"/Users/paolobarbato/Documents/Development/nightly-claude-code/@nightly-code/orchestrator/src/git-manager.js": {"lines":{"total":240,"covered":0,"skipped":0,"pct":0},"functions":{"total":36,"covered":0,"skipped":0,"pct":0},"statements":{"total":243,"covered":0,"skipped":0,"pct":0},"branches":{"total":103,"covered":0,"skipped":0,"pct":0}}
,"/Users/paolobarbato/Documents/Development/nightly-claude-code/@nightly-code/orchestrator/src/index.js": {"lines":{"total":24,"covered":0,"skipped":0,"pct":0},"functions":{"total":0,"covered":0,"skipped":0,"pct":100},"statements":{"total":24,"covered":0,"skipped":0,"pct":0},"branches":{"total":2,"covered":0,"skipped":0,"pct":0}}
,"/Users/paolobarbato/Documents/Development/nightly-claude-code/@nightly-code/orchestrator/src/orchestrator.js": {"lines":{"total":257,"covered":0,"skipped":0,"pct":0},"functions":{"total":52,"covered":0,"skipped":0,"pct":0},"statements":{"total":261,"covered":0,"skipped":0,"pct":0},"branches":{"total":100,"covered":0,"skipped":0,"pct":0}}
,"/Users/paolobarbato/Documents/Development/nightly-claude-code/@nightly-code/orchestrator/src/reporter.js": {"lines":{"total":206,"covered":0,"skipped":0,"pct":0},"functions":{"total":47,"covered":0,"skipped":0,"pct":0},"statements":{"total":215,"covered":0,"skipped":0,"pct":0},"branches":{"total":131,"covered":0,"skipped":0,"pct":0}}
,"/Users/paolobarbato/Documents/Development/nightly-claude-code/@nightly-code/orchestrator/src/task-manager.js": {"lines":{"total":204,"covered":0,"skipped":0,"pct":0},"functions":{"total":44,"covered":0,"skipped":0,"pct":0},"statements":{"total":216,"covered":0,"skipped":0,"pct":0},"branches":{"total":139,"covered":0,"skipped":0,"pct":0}}
}
